mode: atomic
github.com/data-master-platform/gitstorage/store.go:12.44,14.16 2 1
github.com/data-master-platform/gitstorage/store.go:18.2,18.32 1 1
github.com/data-master-platform/gitstorage/store.go:14.16,16.3 1 0
github.com/data-master-platform/gitstorage/store.go:21.54,23.16 2 3
github.com/data-master-platform/gitstorage/store.go:26.2,29.12 3 3
github.com/data-master-platform/gitstorage/store.go:23.16,25.3 1 0
github.com/data-master-platform/gitstorage/store.go:32.48,34.2 1 2
github.com/data-master-platform/gitstorage/store.go:36.51,38.16 2 5
github.com/data-master-platform/gitstorage/store.go:42.2,42.27 1 5
github.com/data-master-platform/gitstorage/store.go:38.16,40.3 1 0
github.com/data-master-platform/gitstorage/store.go:45.43,52.16 3 5
github.com/data-master-platform/gitstorage/store.go:56.2,56.27 1 5
github.com/data-master-platform/gitstorage/store.go:52.16,54.3 1 0
github.com/data-master-platform/gitstorage/store.go:59.51,61.16 2 2
github.com/data-master-platform/gitstorage/store.go:65.2,66.16 2 2
github.com/data-master-platform/gitstorage/store.go:70.2,70.23 1 2
github.com/data-master-platform/gitstorage/store.go:61.16,63.3 1 0
github.com/data-master-platform/gitstorage/store.go:66.16,68.3 1 0
github.com/data-master-platform/gitstorage/store.go:73.42,78.16 3 5
github.com/data-master-platform/gitstorage/store.go:82.2,82.12 1 5
github.com/data-master-platform/gitstorage/store.go:78.16,80.3 1 0
github.com/data-master-platform/gitstorage/client.go:40.68,53.16 5 1
github.com/data-master-platform/gitstorage/client.go:57.2,58.16 2 1
github.com/data-master-platform/gitstorage/client.go:62.2,62.32 1 1
github.com/data-master-platform/gitstorage/client.go:53.16,55.3 1 0
github.com/data-master-platform/gitstorage/client.go:58.16,60.3 1 0
github.com/data-master-platform/gitstorage/client.go:65.57,67.16 2 1
github.com/data-master-platform/gitstorage/client.go:70.2,71.16 2 1
github.com/data-master-platform/gitstorage/client.go:74.2,75.16 2 1
github.com/data-master-platform/gitstorage/client.go:78.2,79.16 2 1
github.com/data-master-platform/gitstorage/client.go:82.2,82.12 1 1
github.com/data-master-platform/gitstorage/client.go:67.16,69.3 1 0
github.com/data-master-platform/gitstorage/client.go:71.16,73.3 1 0
github.com/data-master-platform/gitstorage/client.go:75.16,77.3 1 0
github.com/data-master-platform/gitstorage/client.go:79.16,81.3 1 0
github.com/data-master-platform/gitstorage/client.go:85.52,87.2 1 1
github.com/data-master-platform/gitstorage/client.go:89.57,91.16 2 1
github.com/data-master-platform/gitstorage/client.go:94.2,95.16 2 1
github.com/data-master-platform/gitstorage/client.go:98.2,99.16 2 1
github.com/data-master-platform/gitstorage/client.go:102.2,103.16 2 1
github.com/data-master-platform/gitstorage/client.go:106.2,106.12 1 1
github.com/data-master-platform/gitstorage/client.go:91.16,93.3 1 0
github.com/data-master-platform/gitstorage/client.go:95.16,97.3 1 0
github.com/data-master-platform/gitstorage/client.go:99.16,101.3 1 0
github.com/data-master-platform/gitstorage/client.go:103.16,105.3 1 0
github.com/data-master-platform/gitstorage/client.go:109.44,111.16 2 1
github.com/data-master-platform/gitstorage/client.go:114.2,115.16 2 1
github.com/data-master-platform/gitstorage/client.go:118.2,119.16 2 1
github.com/data-master-platform/gitstorage/client.go:122.2,123.16 2 1
github.com/data-master-platform/gitstorage/client.go:126.2,126.12 1 1
github.com/data-master-platform/gitstorage/client.go:111.16,113.3 1 0
github.com/data-master-platform/gitstorage/client.go:115.16,117.3 1 0
github.com/data-master-platform/gitstorage/client.go:119.16,121.3 1 0
github.com/data-master-platform/gitstorage/client.go:123.16,125.3 1 0
github.com/data-master-platform/gitstorage/mock.go:8.65,10.2 1 1
github.com/data-master-platform/gitstorage/mock.go:12.45,14.2 1 1
github.com/data-master-platform/gitstorage/mock.go:16.45,18.2 1 1
github.com/data-master-platform/gitstorage/mock.go:20.45,22.2 1 1
github.com/data-master-platform/gitstorage/mock.go:24.37,26.2 1 1
github.com/data-master-platform/gitstorage/mock.go:28.42,30.2 1 1
github.com/data-master-platform/gitstorage/mock.go:32.35,34.2 1 1
github.com/data-master-platform/gitstorage/mock.go:36.49,38.2 1 1
github.com/data-master-platform/gitstorage/mock.go:40.44,42.2 1 1
github.com/data-master-platform/gitstorage/mock.go:44.44,46.2 1 1
github.com/data-master-platform/gitstorage/mock.go:48.41,50.2 1 1
github.com/data-master-platform/gitstorage/mock.go:52.41,54.2 1 1
